<?xml version="1.0" encoding="UTF-8"?>
<!-- Generated by org.testng.reporters.JUnitReportReporter -->
<testsuite hostname="rafal" name="Tests.WhenUserDisplayedAddNewTextMessageView" tests="14" failures="0" timestamp="26 Nov 2014 16:59:17 GMT" time="22.004" errors="0">
  <testcase name="PageShouldHaveTextControlAndDoneButton" time="0.905" classname="Tests.WhenUserDisplayedAddNewTextMessageView"/>
  <testcase name="CheckboxInFilterShouldBeLinked" time="3.059" classname="Tests.WhenUserDisplayedAddNewTextMessageView"/>
  <testcase name="PageShouldHaveFewParameters" time="0.481" classname="Tests.WhenUserDisplayedAddNewTextMessageView"/>
  <testcase name="PageShouldHaveFewParameters" time="0.446" classname="Tests.WhenUserDisplayedAddNewTextMessageView"/>
  <testcase name="CheckboxInFilterShouldBeLinked" time="2.695" classname="Tests.WhenUserDisplayedAddNewTextMessageView"/>
  <testcase name="PageShouldHaveFewParameters" time="0.511" classname="Tests.WhenUserDisplayedAddNewTextMessageView"/>
  <testcase name="PageShouldHaveFewParameters" time="0.692" classname="Tests.WhenUserDisplayedAddNewTextMessageView"/>
  <testcase name="CheckboxInFilterShouldBeLinked" time="3.056" classname="Tests.WhenUserDisplayedAddNewTextMessageView"/>
  <testcase name="PageShouldHaveCorrectTitle" time="0.556" classname="Tests.WhenUserDisplayedAddNewTextMessageView"/>
  <testcase name="PageShouldHaveFewParameters" time="0.586" classname="Tests.WhenUserDisplayedAddNewTextMessageView"/>
  <testcase name="CheckboxInFilterShouldBeLinked" time="2.921" classname="Tests.WhenUserDisplayedAddNewTextMessageView"/>
  <testcase name="PageShouldHaveFewParameters" time="0.459" classname="Tests.WhenUserDisplayedAddNewTextMessageView"/>
  <testcase name="CheckboxInFilterShouldBeLinked" time="2.898" classname="Tests.WhenUserDisplayedAddNewTextMessageView"/>
  <testcase name="CheckboxInFilterShouldBeLinked" time="2.739" classname="Tests.WhenUserDisplayedAddNewTextMessageView"/>
</testsuite> <!-- Tests.WhenUserDisplayedAddNewTextMessageView -->
