<?xml version="1.0" encoding="UTF-8"?>
<!-- Generated by org.testng.reporters.JUnitReportReporter -->
<testsuite hostname="rafal" name="Tests.WhenUserRunApp" tests="2" failures="0" timestamp="24 Nov 2014 16:52:25 GMT" time="22.950" errors="0">
  <testcase name="ShouldSwipAllSlideAndDisplaySharingButton" time="22.550" classname="Tests.WhenUserRunApp"/>
  <testcase name="ShouldDisplayCloseButtonInSlide" time="0.400" classname="Tests.WhenUserRunApp"/>
</testsuite> <!-- Tests.WhenUserRunApp -->
