<?xml version="1.0" encoding="UTF-8"?>
<!-- Generated by org.testng.reporters.JUnitReportReporter -->
<testsuite hostname="rafal" name="Tests.WhenUserAddNewMessageToAppliaction" tests="2" failures="0" timestamp="3 Dec 2014 17:31:29 GMT" time="110.355" errors="0">
  <testcase name="MessageSchouldByPresentInWall" time="39.282" classname="Tests.WhenUserAddNewMessageToAppliaction"/>
  <testcase name="MessageSchouldByPresentInProfileViewList" time="71.073" classname="Tests.WhenUserAddNewMessageToAppliaction"/>
</testsuite> <!-- Tests.WhenUserAddNewMessageToAppliaction -->
