<?xml version="1.0" encoding="UTF-8"?>
<!-- Generated by org.testng.reporters.JUnitReportReporter -->
<testsuite hostname="rafal" name="Tests.TestInfoAndLoginPanel" tests="2" failures="0" timestamp="18 Nov 2014 12:35:51 GMT" time="35.564" errors="0">
  <testcase name="TestSwipAllSlide" time="18.986" classname="Tests.TestInfoAndLoginPanel"/>
  <testcase name="TestDisplayInfoSlid" time="16.578" classname="Tests.TestInfoAndLoginPanel"/>
</testsuite> <!-- Tests.TestInfoAndLoginPanel -->
