<?xml version="1.0" encoding="UTF-8"?>
<!-- Generated by org.testng.reporters.JUnitReportReporter -->
<testsuite hostname="rafal" name="Tests.WhenUserAddNewMessageToAppliaction" tests="2" failures="0" timestamp="14 Apr 2015 17:37:42 GMT" time="63.640" errors="0">
  <testcase name="MessageSchouldByPresentInWall" time="14.314" classname="Tests.WhenUserAddNewMessageToAppliaction"/>
  <testcase name="MessageSchouldByPresentInProfileViewList" time="49.326" classname="Tests.WhenUserAddNewMessageToAppliaction"/>
</testsuite> <!-- Tests.WhenUserAddNewMessageToAppliaction -->
