<?xml version="1.0" encoding="UTF-8"?>
<!-- Generated by org.testng.reporters.JUnitReportReporter -->
<testsuite hostname="rafal" name="Tests.WhenUserDisplayedAddNewTextMessageView" tests="16" failures="0" timestamp="26 Nov 2014 18:23:10 GMT" time="37.597" errors="0">
  <testcase name="PageShouldHaveCorrectTitle" time="0.092" classname="Tests.WhenUserDisplayedAddNewTextMessageView"/>
  <testcase name="PageShouldHaveTextControlAndDoneButton" time="0.557" classname="Tests.WhenUserDisplayedAddNewTextMessageView"/>
  <testcase name="CheckboxInFilterShouldBeLinked" time="1.107" classname="Tests.WhenUserDisplayedAddNewTextMessageView"/>
  <testcase name="CheckboxInFilterShouldBeLinked" time="1.257" classname="Tests.WhenUserDisplayedAddNewTextMessageView"/>
  <testcase name="PageShouldHaveFewParameters" time="0.418" classname="Tests.WhenUserDisplayedAddNewTextMessageView"/>
  <testcase name="CheckboxInFilterShouldBeLinked" time="1.224" classname="Tests.WhenUserDisplayedAddNewTextMessageView"/>
  <testcase name="PageShouldHaveFewParameters" time="0.135" classname="Tests.WhenUserDisplayedAddNewTextMessageView"/>
  <testcase name="PageShouldHaveFewParameters" time="0.190" classname="Tests.WhenUserDisplayedAddNewTextMessageView"/>
  <testcase name="CheckboxInFilterShouldBeLinked" time="1.973" classname="Tests.WhenUserDisplayedAddNewTextMessageView"/>
  <testcase name="CheckboxInFilterShouldBeLinked" time="0.959" classname="Tests.WhenUserDisplayedAddNewTextMessageView"/>
  <testcase name="PageShouldHaveFewParameters" time="0.182" classname="Tests.WhenUserDisplayedAddNewTextMessageView"/>
  <testcase name="PageShouldHaveExtaraButtonWnehUserCheckSpecificFollowers" time="8.261" classname="Tests.WhenUserDisplayedAddNewTextMessageView"/>
  <testcase name="PageShouldHaveFewParameters" time="0.155" classname="Tests.WhenUserDisplayedAddNewTextMessageView"/>
  <testcase name="PageShouldHaveFewParameters" time="0.188" classname="Tests.WhenUserDisplayedAddNewTextMessageView"/>
  <testcase name="ShouldDisplayedWallWhenUserSelectDone" time="19.511" classname="Tests.WhenUserDisplayedAddNewTextMessageView"/>
  <testcase name="CheckboxInFilterShouldBeLinked" time="1.388" classname="Tests.WhenUserDisplayedAddNewTextMessageView"/>
</testsuite> <!-- Tests.WhenUserDisplayedAddNewTextMessageView -->
