<?xml version="1.0" encoding="UTF-8"?>
<!-- Generated by org.testng.reporters.JUnitReportReporter -->
<testsuite hostname="rafal" name="Tests.WhenUserDisplayedAddNewTextMessageView" tests="14" failures="0" timestamp="25 Nov 2014 19:37:52 GMT" time="22.218" errors="0">
  <testcase name="PageShouldHaveFewParameters" time="0.489" classname="Tests.WhenUserDisplayedAddNewTextMessageView"/>
  <testcase name="PageShouldHaveFewParameters" time="0.474" classname="Tests.WhenUserDisplayedAddNewTextMessageView"/>
  <testcase name="CheckboxInFilterShouldBeLinked" time="2.853" classname="Tests.WhenUserDisplayedAddNewTextMessageView"/>
  <testcase name="CheckboxInFilterShouldBeLinked" time="2.822" classname="Tests.WhenUserDisplayedAddNewTextMessageView"/>
  <testcase name="PageShouldHaveFewParameters" time="0.461" classname="Tests.WhenUserDisplayedAddNewTextMessageView"/>
  <testcase name="PageShouldHaveTextControlAndDoneButton" time="1.157" classname="Tests.WhenUserDisplayedAddNewTextMessageView"/>
  <testcase name="PageShouldHaveCorrectTitle" time="0.520" classname="Tests.WhenUserDisplayedAddNewTextMessageView"/>
  <testcase name="CheckboxInFilterShouldBeLinked" time="3.122" classname="Tests.WhenUserDisplayedAddNewTextMessageView"/>
  <testcase name="CheckboxInFilterShouldBeLinked" time="2.863" classname="Tests.WhenUserDisplayedAddNewTextMessageView"/>
  <testcase name="CheckboxInFilterShouldBeLinked" time="2.716" classname="Tests.WhenUserDisplayedAddNewTextMessageView"/>
  <testcase name="CheckboxInFilterShouldBeLinked" time="3.046" classname="Tests.WhenUserDisplayedAddNewTextMessageView"/>
  <testcase name="PageShouldHaveFewParameters" time="0.673" classname="Tests.WhenUserDisplayedAddNewTextMessageView"/>
  <testcase name="PageShouldHaveFewParameters" time="0.589" classname="Tests.WhenUserDisplayedAddNewTextMessageView"/>
  <testcase name="PageShouldHaveFewParameters" time="0.433" classname="Tests.WhenUserDisplayedAddNewTextMessageView"/>
</testsuite> <!-- Tests.WhenUserDisplayedAddNewTextMessageView -->
