<?xml version="1.0" encoding="UTF-8"?>
<!-- Generated by org.testng.reporters.JUnitReportReporter -->
<testsuite hostname="rafal" name="Tests.WhenUserLoginToApplication" tests="6" failures="0" timestamp="30 Nov 2014 18:52:11 GMT" time="139.650" errors="0">
  <testcase name="ShouldDisplayShareProfileAndNotificationButton" time="30.177" classname="Tests.WhenUserLoginToApplication"/>
  <testcase name="ShouldGoToAddShareDialog" time="15.640" classname="Tests.WhenUserLoginToApplication"/>
  <testcase name="ShouldGoToFilterFeedView" time="23.016" classname="Tests.WhenUserLoginToApplication"/>
  <testcase name="ShouldDisplayNameDateAndResponceButton" time="32.162" classname="Tests.WhenUserLoginToApplication"/>
  <testcase name="ShouldGoToNotificationView" time="17.517" classname="Tests.WhenUserLoginToApplication"/>
  <testcase name="ShouldGoToYourProfileView" time="21.138" classname="Tests.WhenUserLoginToApplication"/>
</testsuite> <!-- Tests.WhenUserLoginToApplication -->
