<?xml version="1.0" encoding="UTF-8"?>
<!-- Generated by org.testng.reporters.JUnitReportReporter -->
<testsuite hostname="rafal" name="Tests.WhenUserDisplayedAddNewTextMessageView" tests="6" failures="0" timestamp="24 Nov 2014 19:36:43 GMT" time="3.088" errors="0">
  <testcase name="PageShouldHaveFewParameters" time="0.424" classname="Tests.WhenUserDisplayedAddNewTextMessageView"/>
  <testcase name="PageShouldHaveFewParameters" time="0.556" classname="Tests.WhenUserDisplayedAddNewTextMessageView"/>
  <testcase name="PageShouldHaveFewParameters" time="0.559" classname="Tests.WhenUserDisplayedAddNewTextMessageView"/>
  <testcase name="PageShouldHaveFewParameters" time="0.500" classname="Tests.WhenUserDisplayedAddNewTextMessageView"/>
  <testcase name="PageShouldHaveFewParameters" time="0.485" classname="Tests.WhenUserDisplayedAddNewTextMessageView"/>
  <testcase name="PageShouldHaveFewParameters" time="0.564" classname="Tests.WhenUserDisplayedAddNewTextMessageView"/>
</testsuite> <!-- Tests.WhenUserDisplayedAddNewTextMessageView -->
