<?xml version="1.0" encoding="UTF-8"?>
<!-- Generated by org.testng.reporters.JUnitReportReporter -->
<testsuite hostname="rafal" name="Tests.WhenLoginPanelIsDisplayed" tests="4" failures="0" timestamp="2 Dec 2014 18:52:42 GMT" time="62.592" errors="0">
  <testcase name="ShouldLogWhenUserEnterCorrectData" time="31.809" classname="Tests.WhenLoginPanelIsDisplayed"/>
  <testcase name="ShouldDisplayAllCOntrols" time="3.158" classname="Tests.WhenLoginPanelIsDisplayed"/>
  <testcase name="ShouldDisplayMessageWhenUserSendNotReginstedEmail" time="26.800" classname="Tests.WhenLoginPanelIsDisplayed"/>
  <testcase name="ShoulDisplayLoginPanel" time="0.825" classname="Tests.WhenLoginPanelIsDisplayed"/>
</testsuite> <!-- Tests.WhenLoginPanelIsDisplayed -->
