<?xml version="1.0" encoding="UTF-8"?>
<!-- Generated by org.testng.reporters.JUnitReportReporter -->
<testsuite hostname="rafal" name="Tests.WhenUserAddNewMessageToAppliaction" tests="1" failures="0" timestamp="30 Nov 2014 17:53:13 GMT" time="63.302" errors="0">
  <testcase name="MessageSchouldByPresentInProfileViewList" time="63.302" classname="Tests.WhenUserAddNewMessageToAppliaction"/>
</testsuite> <!-- Tests.WhenUserAddNewMessageToAppliaction -->
