<?xml version="1.0" encoding="UTF-8"?>
<!-- Generated by org.testng.reporters.JUnitReportReporter -->
<testsuite hostname="rafal" name="Tests.WhenLoginPanelIsDisplayed" tests="4" failures="0" timestamp="30 Nov 2014 17:50:00 GMT" time="61.996" errors="0">
  <testcase name="ShouldDisplayAllCOntrols" time="2.914" classname="Tests.WhenLoginPanelIsDisplayed"/>
  <testcase name="ShoulDisplayLoginPanel" time="0.421" classname="Tests.WhenLoginPanelIsDisplayed"/>
  <testcase name="ShouldLogWhenUserEnterCorrectData" time="32.250" classname="Tests.WhenLoginPanelIsDisplayed"/>
  <testcase name="ShouldDisplayMessageWhenUserSendNotReginstedEmail" time="26.411" classname="Tests.WhenLoginPanelIsDisplayed"/>
</testsuite> <!-- Tests.WhenLoginPanelIsDisplayed -->
