<?xml version="1.0" encoding="UTF-8"?>
<!-- Generated by org.testng.reporters.JUnitReportReporter -->
<testsuite hostname="rafal" name="Tests.WhenLoginPanelIsDisplayed" tests="4" failures="0" timestamp="24 Nov 2014 13:53:48 GMT" time="36.095" errors="0">
  <testcase name="ShouldLogWhenUserEnterCorrectData" time="19.028" classname="Tests.WhenLoginPanelIsDisplayed"/>
  <testcase name="ShoulDisplayLoginPanel" time="0.406" classname="Tests.WhenLoginPanelIsDisplayed"/>
  <testcase name="ShouldDisplayMessageWhenUserSendNotReginstedEmail" time="13.909" classname="Tests.WhenLoginPanelIsDisplayed"/>
  <testcase name="ShouldDisplayAllCOntrols" time="2.752" classname="Tests.WhenLoginPanelIsDisplayed"/>
</testsuite> <!-- Tests.WhenLoginPanelIsDisplayed -->
