<?xml version="1.0" encoding="UTF-8"?>
<!-- Generated by org.testng.reporters.JUnitReportReporter -->
<testsuite hostname="rafal" name="Tests.WhenUserRunApp" tests="2" failures="0" timestamp="24 Nov 2014 12:55:22 GMT" time="23.297" errors="0">
  <testcase name="ShouldDisplayCloseButtonInSlide" time="0.388" classname="Tests.WhenUserRunApp"/>
  <testcase name="ShouldSwipAllSlideAndDisplaySharingButton" time="22.909" classname="Tests.WhenUserRunApp"/>
</testsuite> <!-- Tests.WhenUserRunApp -->
