<?xml version="1.0" encoding="UTF-8"?>
<!-- Generated by org.testng.reporters.JUnitReportReporter -->
<testsuite hostname="rafal" name="Tests.WhenUserAddNewMessageToAppliaction" tests="6" failures="0" timestamp="26 Nov 2014 19:34:17 GMT" time="167.507" errors="0">
  <testcase name="AllMessageSchouldByPresentInWall" time="25.112" classname="Tests.WhenUserAddNewMessageToAppliaction"/>
  <testcase name="MessageSchouldByPresentInProfileViewList" time="27.339" classname="Tests.WhenUserAddNewMessageToAppliaction"/>
  <testcase name="AllMessageSchouldByPresentInWall" time="24.518" classname="Tests.WhenUserAddNewMessageToAppliaction"/>
  <testcase name="AllMessageSchouldByPresentInWall" time="23.820" classname="Tests.WhenUserAddNewMessageToAppliaction"/>
  <testcase name="AllMessageSchouldByPresentInWall" time="24.262" classname="Tests.WhenUserAddNewMessageToAppliaction"/>
  <testcase name="AllMessageSchouldByPresentInWall" time="42.456" classname="Tests.WhenUserAddNewMessageToAppliaction"/>
</testsuite> <!-- Tests.WhenUserAddNewMessageToAppliaction -->
