<?xml version="1.0" encoding="UTF-8"?>
<!-- Generated by org.testng.reporters.JUnitReportReporter -->
<testsuite hostname="rafal" name="Tests.WhenUserAddNewMessageToAppliaction" tests="2" failures="0" timestamp="1 Dec 2014 17:38:53 GMT" time="176.540" errors="0">
  <testcase name="MessageSchouldByPresentInProfileViewList" time="121.734" classname="Tests.WhenUserAddNewMessageToAppliaction"/>
  <testcase name="MessageSchouldByPresentInWall" time="54.806" classname="Tests.WhenUserAddNewMessageToAppliaction"/>
</testsuite> <!-- Tests.WhenUserAddNewMessageToAppliaction -->
