<?xml version="1.0" encoding="UTF-8"?>
<!-- Generated by org.testng.reporters.JUnitReportReporter -->
<testsuite hostname="rafal" name="Tests.WhenUserAddNewMessageToAppliaction" tests="2" failures="0" timestamp="2 Jan 2015 20:43:56 GMT" time="176.282" errors="0">
  <testcase name="MessageSchouldByPresentInProfileViewList" time="125.317" classname="Tests.WhenUserAddNewMessageToAppliaction"/>
  <testcase name="MessageSchouldByPresentInWall" time="50.965" classname="Tests.WhenUserAddNewMessageToAppliaction"/>
</testsuite> <!-- Tests.WhenUserAddNewMessageToAppliaction -->
