<?xml version="1.0" encoding="UTF-8"?>
<!-- Generated by org.testng.reporters.JUnitReportReporter -->
<testsuite hostname="rafal" name="Tests.WhenUserLoginToApplication" tests="6" failures="0" timestamp="21 Nov 2014 17:30:15 GMT" time="181.362" errors="0">
  <testcase name="ShouldGoToYourProfileView" time="18.507" classname="Tests.WhenUserLoginToApplication"/>
  <testcase name="ShouldGoToNotificationView" time="18.665" classname="Tests.WhenUserLoginToApplication"/>
  <testcase name="ShouldGoToAddShareDialog" time="27.663" classname="Tests.WhenUserLoginToApplication"/>
  <testcase name="ShouldDisplayShareProfileAndNotificationButton" time="43.400" classname="Tests.WhenUserLoginToApplication"/>
  <testcase name="ShouldGoToFilterFeedView" time="31.791" classname="Tests.WhenUserLoginToApplication"/>
  <testcase name="ShouldDisplayNameDateAndResponceButton" time="41.336" classname="Tests.WhenUserLoginToApplication"/>
</testsuite> <!-- Tests.WhenUserLoginToApplication -->
