<?xml version="1.0" encoding="UTF-8"?>
<!-- Generated by org.testng.reporters.JUnitReportReporter -->
<testsuite hostname="rafal" name="Tests.WhenUserLoginToApplication" tests="6" failures="6" timestamp="24 Nov 2014 11:43:05 GMT" time="0.006" errors="0">
  <testcase name="ShouldDisplayShareProfileAndNotificationButton" time="0.000" classname="Tests.WhenUserLoginToApplication">
    <failure type="org.openqa.selenium.TimeoutException" message="Timed out after 5 seconds waiting for Base.UI$1@67257ce8
Build info: version: &#039;2.43.1&#039;, revision: &#039;5163bce&#039;, time: &#039;2014-09-10 16:27:33&#039;
System info: host: &#039;rafal&#039;, ip: &#039;192.168.1.4&#039;, os.name: &#039;Windows 7&#039;, os.arch: &#039;amd64&#039;, os.version: &#039;6.1&#039;, java.version: &#039;1.7.0_71&#039;
Session ID: 97b0ed880a044531ae8807c53701f0b0
Driver info: org.openqa.selenium.remote.RemoteWebDriver
Capabilities [{automationName=appium, platform=LINUX, javascriptEnabled=true, hasMetadata=true, browserName=Android, desired={automationName=appium, platformVersion=4.4, deviceName=Android Emulator, platformName=Android, proxy={&quot;proxyAutoconfigUrl&quot;:&quot;http://127.0.0.1:19876/proxy.pac&quot;,&quot;proxyType&quot;:&quot;PAC&quot;}, webdriver.remote.quietExceptions=true}, webdriver.remote.sessionid=97b0ed880a044531ae8807c53701f0b0, platformVersion=4.4, databaseEnabled=false, platformName=Android, deviceName=Android Emulator, webStorageEnabled=false, proxy={&quot;proxyAutoconfigUrl&quot;:&quot;http://127.0.0.1:19876/proxy.pac&quot;,&quot;proxyType&quot;:&quot;PAC&quot;}, webdriver.remote.quietExceptions=true, warnings={}, takesScreenshot=true}]">
      <![CDATA[org.openqa.selenium.TimeoutException: Timed out after 5 seconds waiting for Base.UI$1@67257ce8
Build info: version: '2.43.1', revision: '5163bce', time: '2014-09-10 16:27:33'
System info: host: 'rafal', ip: '192.168.1.4', os.name: 'Windows 7', os.arch: 'amd64', os.version: '6.1', java.version: '1.7.0_71'
Session ID: 97b0ed880a044531ae8807c53701f0b0
Driver info: org.openqa.selenium.remote.RemoteWebDriver
Capabilities [{automationName=appium, platform=LINUX, javascriptEnabled=true, hasMetadata=true, browserName=Android, desired={automationName=appium, platformVersion=4.4, deviceName=Android Emulator, platformName=Android, proxy={"proxyAutoconfigUrl":"http://127.0.0.1:19876/proxy.pac","proxyType":"PAC"}, webdriver.remote.quietExceptions=true}, webdriver.remote.sessionid=97b0ed880a044531ae8807c53701f0b0, platformVersion=4.4, databaseEnabled=false, platformName=Android, deviceName=Android Emulator, webStorageEnabled=false, proxy={"proxyAutoconfigUrl":"http://127.0.0.1:19876/proxy.pac","proxyType":"PAC"}, webdriver.remote.quietExceptions=true, warnings={}, takesScreenshot=true}]
	at org.openqa.selenium.support.ui.WebDriverWait.timeoutException(WebDriverWait.java:79)
	at org.openqa.selenium.support.ui.FluentWait.until(FluentWait.java:228)
	at Base.UI.WaitForElement(UI.java:105)
	at Base.UI.WaitAndClick(UI.java:91)
	at Page.LogInPage.TapXSkip(LogInPage.java:48)
	at Action.GoTo.WallView(GoTo.java:21)
	at Tests.WhenUserLoginToApplication.setUp(WhenUserLoginToApplication.java:28)
	at sun.reflect.NativeMethodAccessorImpl.invoke0(Native Method)
	at sun.reflect.NativeMethodAccessorImpl.invoke(Unknown Source)
	at sun.reflect.DelegatingMethodAccessorImpl.invoke(Unknown Source)
	at java.lang.reflect.Method.invoke(Unknown Source)
	at org.testng.internal.MethodInvocationHelper.invokeMethod(MethodInvocationHelper.java:84)
	at org.testng.internal.Invoker.invokeConfigurationMethod(Invoker.java:564)
	at org.testng.internal.Invoker.invokeConfigurations(Invoker.java:213)
	at org.testng.internal.Invoker.invokeConfigurations(Invoker.java:138)
	at org.testng.internal.TestMethodWorker.invokeBeforeClassMethods(TestMethodWorker.java:175)
	at org.testng.internal.TestMethodWorker.run(TestMethodWorker.java:107)
	at org.testng.TestRunner.privateRun(TestRunner.java:767)
	at org.testng.TestRunner.run(TestRunner.java:617)
	at org.testng.SuiteRunner.runTest(SuiteRunner.java:334)
	at org.testng.SuiteRunner.runSequentially(SuiteRunner.java:329)
	at org.testng.SuiteRunner.privateRun(SuiteRunner.java:291)
	at org.testng.SuiteRunner.run(SuiteRunner.java:240)
	at org.testng.SuiteRunnerWorker.runSuite(SuiteRunnerWorker.java:52)
	at org.testng.SuiteRunnerWorker.run(SuiteRunnerWorker.java:86)
	at org.testng.TestNG.runSuitesSequentially(TestNG.java:1224)
	at org.testng.TestNG.runSuitesLocally(TestNG.java:1149)
	at org.testng.TestNG.run(TestNG.java:1057)
	at org.testng.remote.RemoteTestNG.run(RemoteTestNG.java:111)
	at org.testng.remote.RemoteTestNG.initAndRun(RemoteTestNG.java:204)
	at org.testng.remote.RemoteTestNG.main(RemoteTestNG.java:175)
]]>
    </failure>
  </testcase> <!-- ShouldDisplayShareProfileAndNotificationButton -->
  <testcase name="ShouldDisplayNameDateAndResponceButton" time="0.003" classname="Tests.WhenUserLoginToApplication">
    <failure type="org.openqa.selenium.TimeoutException" message="Timed out after 5 seconds waiting for Base.UI$1@67257ce8
Build info: version: &#039;2.43.1&#039;, revision: &#039;5163bce&#039;, time: &#039;2014-09-10 16:27:33&#039;
System info: host: &#039;rafal&#039;, ip: &#039;192.168.1.4&#039;, os.name: &#039;Windows 7&#039;, os.arch: &#039;amd64&#039;, os.version: &#039;6.1&#039;, java.version: &#039;1.7.0_71&#039;
Session ID: 97b0ed880a044531ae8807c53701f0b0
Driver info: org.openqa.selenium.remote.RemoteWebDriver
Capabilities [{automationName=appium, platform=LINUX, javascriptEnabled=true, hasMetadata=true, browserName=Android, desired={automationName=appium, platformVersion=4.4, deviceName=Android Emulator, platformName=Android, proxy={&quot;proxyAutoconfigUrl&quot;:&quot;http://127.0.0.1:19876/proxy.pac&quot;,&quot;proxyType&quot;:&quot;PAC&quot;}, webdriver.remote.quietExceptions=true}, webdriver.remote.sessionid=97b0ed880a044531ae8807c53701f0b0, platformVersion=4.4, databaseEnabled=false, platformName=Android, deviceName=Android Emulator, webStorageEnabled=false, proxy={&quot;proxyAutoconfigUrl&quot;:&quot;http://127.0.0.1:19876/proxy.pac&quot;,&quot;proxyType&quot;:&quot;PAC&quot;}, webdriver.remote.quietExceptions=true, warnings={}, takesScreenshot=true}]">
      <![CDATA[org.openqa.selenium.TimeoutException: Timed out after 5 seconds waiting for Base.UI$1@67257ce8
Build info: version: '2.43.1', revision: '5163bce', time: '2014-09-10 16:27:33'
System info: host: 'rafal', ip: '192.168.1.4', os.name: 'Windows 7', os.arch: 'amd64', os.version: '6.1', java.version: '1.7.0_71'
Session ID: 97b0ed880a044531ae8807c53701f0b0
Driver info: org.openqa.selenium.remote.RemoteWebDriver
Capabilities [{automationName=appium, platform=LINUX, javascriptEnabled=true, hasMetadata=true, browserName=Android, desired={automationName=appium, platformVersion=4.4, deviceName=Android Emulator, platformName=Android, proxy={"proxyAutoconfigUrl":"http://127.0.0.1:19876/proxy.pac","proxyType":"PAC"}, webdriver.remote.quietExceptions=true}, webdriver.remote.sessionid=97b0ed880a044531ae8807c53701f0b0, platformVersion=4.4, databaseEnabled=false, platformName=Android, deviceName=Android Emulator, webStorageEnabled=false, proxy={"proxyAutoconfigUrl":"http://127.0.0.1:19876/proxy.pac","proxyType":"PAC"}, webdriver.remote.quietExceptions=true, warnings={}, takesScreenshot=true}]
	at org.openqa.selenium.support.ui.WebDriverWait.timeoutException(WebDriverWait.java:79)
	at org.openqa.selenium.support.ui.FluentWait.until(FluentWait.java:228)
	at Base.UI.WaitForElement(UI.java:105)
	at Base.UI.WaitAndClick(UI.java:91)
	at Page.LogInPage.TapXSkip(LogInPage.java:48)
	at Action.GoTo.WallView(GoTo.java:21)
	at Tests.WhenUserLoginToApplication.setUp(WhenUserLoginToApplication.java:28)
	at sun.reflect.NativeMethodAccessorImpl.invoke0(Native Method)
	at sun.reflect.NativeMethodAccessorImpl.invoke(Unknown Source)
	at sun.reflect.DelegatingMethodAccessorImpl.invoke(Unknown Source)
	at java.lang.reflect.Method.invoke(Unknown Source)
	at org.testng.internal.MethodInvocationHelper.invokeMethod(MethodInvocationHelper.java:84)
	at org.testng.internal.Invoker.invokeConfigurationMethod(Invoker.java:564)
	at org.testng.internal.Invoker.invokeConfigurations(Invoker.java:213)
	at org.testng.internal.Invoker.invokeConfigurations(Invoker.java:138)
	at org.testng.internal.TestMethodWorker.invokeBeforeClassMethods(TestMethodWorker.java:175)
	at org.testng.internal.TestMethodWorker.run(TestMethodWorker.java:107)
	at org.testng.TestRunner.privateRun(TestRunner.java:767)
	at org.testng.TestRunner.run(TestRunner.java:617)
	at org.testng.SuiteRunner.runTest(SuiteRunner.java:334)
	at org.testng.SuiteRunner.runSequentially(SuiteRunner.java:329)
	at org.testng.SuiteRunner.privateRun(SuiteRunner.java:291)
	at org.testng.SuiteRunner.run(SuiteRunner.java:240)
	at org.testng.SuiteRunnerWorker.runSuite(SuiteRunnerWorker.java:52)
	at org.testng.SuiteRunnerWorker.run(SuiteRunnerWorker.java:86)
	at org.testng.TestNG.runSuitesSequentially(TestNG.java:1224)
	at org.testng.TestNG.runSuitesLocally(TestNG.java:1149)
	at org.testng.TestNG.run(TestNG.java:1057)
	at org.testng.remote.RemoteTestNG.run(RemoteTestNG.java:111)
	at org.testng.remote.RemoteTestNG.initAndRun(RemoteTestNG.java:204)
	at org.testng.remote.RemoteTestNG.main(RemoteTestNG.java:175)
]]>
    </failure>
  </testcase> <!-- ShouldDisplayNameDateAndResponceButton -->
  <testcase name="ShouldGoToNotificationView" time="0.001" classname="Tests.WhenUserLoginToApplication">
    <failure type="org.openqa.selenium.TimeoutException" message="Timed out after 5 seconds waiting for Base.UI$1@67257ce8
Build info: version: &#039;2.43.1&#039;, revision: &#039;5163bce&#039;, time: &#039;2014-09-10 16:27:33&#039;
System info: host: &#039;rafal&#039;, ip: &#039;192.168.1.4&#039;, os.name: &#039;Windows 7&#039;, os.arch: &#039;amd64&#039;, os.version: &#039;6.1&#039;, java.version: &#039;1.7.0_71&#039;
Session ID: 97b0ed880a044531ae8807c53701f0b0
Driver info: org.openqa.selenium.remote.RemoteWebDriver
Capabilities [{automationName=appium, platform=LINUX, javascriptEnabled=true, hasMetadata=true, browserName=Android, desired={automationName=appium, platformVersion=4.4, deviceName=Android Emulator, platformName=Android, proxy={&quot;proxyAutoconfigUrl&quot;:&quot;http://127.0.0.1:19876/proxy.pac&quot;,&quot;proxyType&quot;:&quot;PAC&quot;}, webdriver.remote.quietExceptions=true}, webdriver.remote.sessionid=97b0ed880a044531ae8807c53701f0b0, platformVersion=4.4, databaseEnabled=false, platformName=Android, deviceName=Android Emulator, webStorageEnabled=false, proxy={&quot;proxyAutoconfigUrl&quot;:&quot;http://127.0.0.1:19876/proxy.pac&quot;,&quot;proxyType&quot;:&quot;PAC&quot;}, webdriver.remote.quietExceptions=true, warnings={}, takesScreenshot=true}]">
      <![CDATA[org.openqa.selenium.TimeoutException: Timed out after 5 seconds waiting for Base.UI$1@67257ce8
Build info: version: '2.43.1', revision: '5163bce', time: '2014-09-10 16:27:33'
System info: host: 'rafal', ip: '192.168.1.4', os.name: 'Windows 7', os.arch: 'amd64', os.version: '6.1', java.version: '1.7.0_71'
Session ID: 97b0ed880a044531ae8807c53701f0b0
Driver info: org.openqa.selenium.remote.RemoteWebDriver
Capabilities [{automationName=appium, platform=LINUX, javascriptEnabled=true, hasMetadata=true, browserName=Android, desired={automationName=appium, platformVersion=4.4, deviceName=Android Emulator, platformName=Android, proxy={"proxyAutoconfigUrl":"http://127.0.0.1:19876/proxy.pac","proxyType":"PAC"}, webdriver.remote.quietExceptions=true}, webdriver.remote.sessionid=97b0ed880a044531ae8807c53701f0b0, platformVersion=4.4, databaseEnabled=false, platformName=Android, deviceName=Android Emulator, webStorageEnabled=false, proxy={"proxyAutoconfigUrl":"http://127.0.0.1:19876/proxy.pac","proxyType":"PAC"}, webdriver.remote.quietExceptions=true, warnings={}, takesScreenshot=true}]
	at org.openqa.selenium.support.ui.WebDriverWait.timeoutException(WebDriverWait.java:79)
	at org.openqa.selenium.support.ui.FluentWait.until(FluentWait.java:228)
	at Base.UI.WaitForElement(UI.java:105)
	at Base.UI.WaitAndClick(UI.java:91)
	at Page.LogInPage.TapXSkip(LogInPage.java:48)
	at Action.GoTo.WallView(GoTo.java:21)
	at Tests.WhenUserLoginToApplication.setUp(WhenUserLoginToApplication.java:28)
	at sun.reflect.NativeMethodAccessorImpl.invoke0(Native Method)
	at sun.reflect.NativeMethodAccessorImpl.invoke(Unknown Source)
	at sun.reflect.DelegatingMethodAccessorImpl.invoke(Unknown Source)
	at java.lang.reflect.Method.invoke(Unknown Source)
	at org.testng.internal.MethodInvocationHelper.invokeMethod(MethodInvocationHelper.java:84)
	at org.testng.internal.Invoker.invokeConfigurationMethod(Invoker.java:564)
	at org.testng.internal.Invoker.invokeConfigurations(Invoker.java:213)
	at org.testng.internal.Invoker.invokeConfigurations(Invoker.java:138)
	at org.testng.internal.TestMethodWorker.invokeBeforeClassMethods(TestMethodWorker.java:175)
	at org.testng.internal.TestMethodWorker.run(TestMethodWorker.java:107)
	at org.testng.TestRunner.privateRun(TestRunner.java:767)
	at org.testng.TestRunner.run(TestRunner.java:617)
	at org.testng.SuiteRunner.runTest(SuiteRunner.java:334)
	at org.testng.SuiteRunner.runSequentially(SuiteRunner.java:329)
	at org.testng.SuiteRunner.privateRun(SuiteRunner.java:291)
	at org.testng.SuiteRunner.run(SuiteRunner.java:240)
	at org.testng.SuiteRunnerWorker.runSuite(SuiteRunnerWorker.java:52)
	at org.testng.SuiteRunnerWorker.run(SuiteRunnerWorker.java:86)
	at org.testng.TestNG.runSuitesSequentially(TestNG.java:1224)
	at org.testng.TestNG.runSuitesLocally(TestNG.java:1149)
	at org.testng.TestNG.run(TestNG.java:1057)
	at org.testng.remote.RemoteTestNG.run(RemoteTestNG.java:111)
	at org.testng.remote.RemoteTestNG.initAndRun(RemoteTestNG.java:204)
	at org.testng.remote.RemoteTestNG.main(RemoteTestNG.java:175)
]]>
    </failure>
  </testcase> <!-- ShouldGoToNotificationView -->
  <testcase name="ShouldGoToAddShareDialog" time="0.000" classname="Tests.WhenUserLoginToApplication">
    <failure type="org.openqa.selenium.TimeoutException" message="Timed out after 5 seconds waiting for Base.UI$1@67257ce8
Build info: version: &#039;2.43.1&#039;, revision: &#039;5163bce&#039;, time: &#039;2014-09-10 16:27:33&#039;
System info: host: &#039;rafal&#039;, ip: &#039;192.168.1.4&#039;, os.name: &#039;Windows 7&#039;, os.arch: &#039;amd64&#039;, os.version: &#039;6.1&#039;, java.version: &#039;1.7.0_71&#039;
Session ID: 97b0ed880a044531ae8807c53701f0b0
Driver info: org.openqa.selenium.remote.RemoteWebDriver
Capabilities [{automationName=appium, platform=LINUX, javascriptEnabled=true, hasMetadata=true, browserName=Android, desired={automationName=appium, platformVersion=4.4, deviceName=Android Emulator, platformName=Android, proxy={&quot;proxyAutoconfigUrl&quot;:&quot;http://127.0.0.1:19876/proxy.pac&quot;,&quot;proxyType&quot;:&quot;PAC&quot;}, webdriver.remote.quietExceptions=true}, webdriver.remote.sessionid=97b0ed880a044531ae8807c53701f0b0, platformVersion=4.4, databaseEnabled=false, platformName=Android, deviceName=Android Emulator, webStorageEnabled=false, proxy={&quot;proxyAutoconfigUrl&quot;:&quot;http://127.0.0.1:19876/proxy.pac&quot;,&quot;proxyType&quot;:&quot;PAC&quot;}, webdriver.remote.quietExceptions=true, warnings={}, takesScreenshot=true}]">
      <![CDATA[org.openqa.selenium.TimeoutException: Timed out after 5 seconds waiting for Base.UI$1@67257ce8
Build info: version: '2.43.1', revision: '5163bce', time: '2014-09-10 16:27:33'
System info: host: 'rafal', ip: '192.168.1.4', os.name: 'Windows 7', os.arch: 'amd64', os.version: '6.1', java.version: '1.7.0_71'
Session ID: 97b0ed880a044531ae8807c53701f0b0
Driver info: org.openqa.selenium.remote.RemoteWebDriver
Capabilities [{automationName=appium, platform=LINUX, javascriptEnabled=true, hasMetadata=true, browserName=Android, desired={automationName=appium, platformVersion=4.4, deviceName=Android Emulator, platformName=Android, proxy={"proxyAutoconfigUrl":"http://127.0.0.1:19876/proxy.pac","proxyType":"PAC"}, webdriver.remote.quietExceptions=true}, webdriver.remote.sessionid=97b0ed880a044531ae8807c53701f0b0, platformVersion=4.4, databaseEnabled=false, platformName=Android, deviceName=Android Emulator, webStorageEnabled=false, proxy={"proxyAutoconfigUrl":"http://127.0.0.1:19876/proxy.pac","proxyType":"PAC"}, webdriver.remote.quietExceptions=true, warnings={}, takesScreenshot=true}]
	at org.openqa.selenium.support.ui.WebDriverWait.timeoutException(WebDriverWait.java:79)
	at org.openqa.selenium.support.ui.FluentWait.until(FluentWait.java:228)
	at Base.UI.WaitForElement(UI.java:105)
	at Base.UI.WaitAndClick(UI.java:91)
	at Page.LogInPage.TapXSkip(LogInPage.java:48)
	at Action.GoTo.WallView(GoTo.java:21)
	at Tests.WhenUserLoginToApplication.setUp(WhenUserLoginToApplication.java:28)
	at sun.reflect.NativeMethodAccessorImpl.invoke0(Native Method)
	at sun.reflect.NativeMethodAccessorImpl.invoke(Unknown Source)
	at sun.reflect.DelegatingMethodAccessorImpl.invoke(Unknown Source)
	at java.lang.reflect.Method.invoke(Unknown Source)
	at org.testng.internal.MethodInvocationHelper.invokeMethod(MethodInvocationHelper.java:84)
	at org.testng.internal.Invoker.invokeConfigurationMethod(Invoker.java:564)
	at org.testng.internal.Invoker.invokeConfigurations(Invoker.java:213)
	at org.testng.internal.Invoker.invokeConfigurations(Invoker.java:138)
	at org.testng.internal.TestMethodWorker.invokeBeforeClassMethods(TestMethodWorker.java:175)
	at org.testng.internal.TestMethodWorker.run(TestMethodWorker.java:107)
	at org.testng.TestRunner.privateRun(TestRunner.java:767)
	at org.testng.TestRunner.run(TestRunner.java:617)
	at org.testng.SuiteRunner.runTest(SuiteRunner.java:334)
	at org.testng.SuiteRunner.runSequentially(SuiteRunner.java:329)
	at org.testng.SuiteRunner.privateRun(SuiteRunner.java:291)
	at org.testng.SuiteRunner.run(SuiteRunner.java:240)
	at org.testng.SuiteRunnerWorker.runSuite(SuiteRunnerWorker.java:52)
	at org.testng.SuiteRunnerWorker.run(SuiteRunnerWorker.java:86)
	at org.testng.TestNG.runSuitesSequentially(TestNG.java:1224)
	at org.testng.TestNG.runSuitesLocally(TestNG.java:1149)
	at org.testng.TestNG.run(TestNG.java:1057)
	at org.testng.remote.RemoteTestNG.run(RemoteTestNG.java:111)
	at org.testng.remote.RemoteTestNG.initAndRun(RemoteTestNG.java:204)
	at org.testng.remote.RemoteTestNG.main(RemoteTestNG.java:175)
]]>
    </failure>
  </testcase> <!-- ShouldGoToAddShareDialog -->
  <testcase name="ShouldGoToFilterFeedView" time="0.001" classname="Tests.WhenUserLoginToApplication">
    <failure type="org.openqa.selenium.TimeoutException" message="Timed out after 5 seconds waiting for Base.UI$1@67257ce8
Build info: version: &#039;2.43.1&#039;, revision: &#039;5163bce&#039;, time: &#039;2014-09-10 16:27:33&#039;
System info: host: &#039;rafal&#039;, ip: &#039;192.168.1.4&#039;, os.name: &#039;Windows 7&#039;, os.arch: &#039;amd64&#039;, os.version: &#039;6.1&#039;, java.version: &#039;1.7.0_71&#039;
Session ID: 97b0ed880a044531ae8807c53701f0b0
Driver info: org.openqa.selenium.remote.RemoteWebDriver
Capabilities [{automationName=appium, platform=LINUX, javascriptEnabled=true, hasMetadata=true, browserName=Android, desired={automationName=appium, platformVersion=4.4, deviceName=Android Emulator, platformName=Android, proxy={&quot;proxyAutoconfigUrl&quot;:&quot;http://127.0.0.1:19876/proxy.pac&quot;,&quot;proxyType&quot;:&quot;PAC&quot;}, webdriver.remote.quietExceptions=true}, webdriver.remote.sessionid=97b0ed880a044531ae8807c53701f0b0, platformVersion=4.4, databaseEnabled=false, platformName=Android, deviceName=Android Emulator, webStorageEnabled=false, proxy={&quot;proxyAutoconfigUrl&quot;:&quot;http://127.0.0.1:19876/proxy.pac&quot;,&quot;proxyType&quot;:&quot;PAC&quot;}, webdriver.remote.quietExceptions=true, warnings={}, takesScreenshot=true}]">
      <![CDATA[org.openqa.selenium.TimeoutException: Timed out after 5 seconds waiting for Base.UI$1@67257ce8
Build info: version: '2.43.1', revision: '5163bce', time: '2014-09-10 16:27:33'
System info: host: 'rafal', ip: '192.168.1.4', os.name: 'Windows 7', os.arch: 'amd64', os.version: '6.1', java.version: '1.7.0_71'
Session ID: 97b0ed880a044531ae8807c53701f0b0
Driver info: org.openqa.selenium.remote.RemoteWebDriver
Capabilities [{automationName=appium, platform=LINUX, javascriptEnabled=true, hasMetadata=true, browserName=Android, desired={automationName=appium, platformVersion=4.4, deviceName=Android Emulator, platformName=Android, proxy={"proxyAutoconfigUrl":"http://127.0.0.1:19876/proxy.pac","proxyType":"PAC"}, webdriver.remote.quietExceptions=true}, webdriver.remote.sessionid=97b0ed880a044531ae8807c53701f0b0, platformVersion=4.4, databaseEnabled=false, platformName=Android, deviceName=Android Emulator, webStorageEnabled=false, proxy={"proxyAutoconfigUrl":"http://127.0.0.1:19876/proxy.pac","proxyType":"PAC"}, webdriver.remote.quietExceptions=true, warnings={}, takesScreenshot=true}]
	at org.openqa.selenium.support.ui.WebDriverWait.timeoutException(WebDriverWait.java:79)
	at org.openqa.selenium.support.ui.FluentWait.until(FluentWait.java:228)
	at Base.UI.WaitForElement(UI.java:105)
	at Base.UI.WaitAndClick(UI.java:91)
	at Page.LogInPage.TapXSkip(LogInPage.java:48)
	at Action.GoTo.WallView(GoTo.java:21)
	at Tests.WhenUserLoginToApplication.setUp(WhenUserLoginToApplication.java:28)
	at sun.reflect.NativeMethodAccessorImpl.invoke0(Native Method)
	at sun.reflect.NativeMethodAccessorImpl.invoke(Unknown Source)
	at sun.reflect.DelegatingMethodAccessorImpl.invoke(Unknown Source)
	at java.lang.reflect.Method.invoke(Unknown Source)
	at org.testng.internal.MethodInvocationHelper.invokeMethod(MethodInvocationHelper.java:84)
	at org.testng.internal.Invoker.invokeConfigurationMethod(Invoker.java:564)
	at org.testng.internal.Invoker.invokeConfigurations(Invoker.java:213)
	at org.testng.internal.Invoker.invokeConfigurations(Invoker.java:138)
	at org.testng.internal.TestMethodWorker.invokeBeforeClassMethods(TestMethodWorker.java:175)
	at org.testng.internal.TestMethodWorker.run(TestMethodWorker.java:107)
	at org.testng.TestRunner.privateRun(TestRunner.java:767)
	at org.testng.TestRunner.run(TestRunner.java:617)
	at org.testng.SuiteRunner.runTest(SuiteRunner.java:334)
	at org.testng.SuiteRunner.runSequentially(SuiteRunner.java:329)
	at org.testng.SuiteRunner.privateRun(SuiteRunner.java:291)
	at org.testng.SuiteRunner.run(SuiteRunner.java:240)
	at org.testng.SuiteRunnerWorker.runSuite(SuiteRunnerWorker.java:52)
	at org.testng.SuiteRunnerWorker.run(SuiteRunnerWorker.java:86)
	at org.testng.TestNG.runSuitesSequentially(TestNG.java:1224)
	at org.testng.TestNG.runSuitesLocally(TestNG.java:1149)
	at org.testng.TestNG.run(TestNG.java:1057)
	at org.testng.remote.RemoteTestNG.run(RemoteTestNG.java:111)
	at org.testng.remote.RemoteTestNG.initAndRun(RemoteTestNG.java:204)
	at org.testng.remote.RemoteTestNG.main(RemoteTestNG.java:175)
]]>
    </failure>
  </testcase> <!-- ShouldGoToFilterFeedView -->
  <testcase name="ShouldGoToYourProfileView" time="0.001" classname="Tests.WhenUserLoginToApplication">
    <failure type="org.openqa.selenium.TimeoutException" message="Timed out after 5 seconds waiting for Base.UI$1@67257ce8
Build info: version: &#039;2.43.1&#039;, revision: &#039;5163bce&#039;, time: &#039;2014-09-10 16:27:33&#039;
System info: host: &#039;rafal&#039;, ip: &#039;192.168.1.4&#039;, os.name: &#039;Windows 7&#039;, os.arch: &#039;amd64&#039;, os.version: &#039;6.1&#039;, java.version: &#039;1.7.0_71&#039;
Session ID: 97b0ed880a044531ae8807c53701f0b0
Driver info: org.openqa.selenium.remote.RemoteWebDriver
Capabilities [{automationName=appium, platform=LINUX, javascriptEnabled=true, hasMetadata=true, browserName=Android, desired={automationName=appium, platformVersion=4.4, deviceName=Android Emulator, platformName=Android, proxy={&quot;proxyAutoconfigUrl&quot;:&quot;http://127.0.0.1:19876/proxy.pac&quot;,&quot;proxyType&quot;:&quot;PAC&quot;}, webdriver.remote.quietExceptions=true}, webdriver.remote.sessionid=97b0ed880a044531ae8807c53701f0b0, platformVersion=4.4, databaseEnabled=false, platformName=Android, deviceName=Android Emulator, webStorageEnabled=false, proxy={&quot;proxyAutoconfigUrl&quot;:&quot;http://127.0.0.1:19876/proxy.pac&quot;,&quot;proxyType&quot;:&quot;PAC&quot;}, webdriver.remote.quietExceptions=true, warnings={}, takesScreenshot=true}]">
      <![CDATA[org.openqa.selenium.TimeoutException: Timed out after 5 seconds waiting for Base.UI$1@67257ce8
Build info: version: '2.43.1', revision: '5163bce', time: '2014-09-10 16:27:33'
System info: host: 'rafal', ip: '192.168.1.4', os.name: 'Windows 7', os.arch: 'amd64', os.version: '6.1', java.version: '1.7.0_71'
Session ID: 97b0ed880a044531ae8807c53701f0b0
Driver info: org.openqa.selenium.remote.RemoteWebDriver
Capabilities [{automationName=appium, platform=LINUX, javascriptEnabled=true, hasMetadata=true, browserName=Android, desired={automationName=appium, platformVersion=4.4, deviceName=Android Emulator, platformName=Android, proxy={"proxyAutoconfigUrl":"http://127.0.0.1:19876/proxy.pac","proxyType":"PAC"}, webdriver.remote.quietExceptions=true}, webdriver.remote.sessionid=97b0ed880a044531ae8807c53701f0b0, platformVersion=4.4, databaseEnabled=false, platformName=Android, deviceName=Android Emulator, webStorageEnabled=false, proxy={"proxyAutoconfigUrl":"http://127.0.0.1:19876/proxy.pac","proxyType":"PAC"}, webdriver.remote.quietExceptions=true, warnings={}, takesScreenshot=true}]
	at org.openqa.selenium.support.ui.WebDriverWait.timeoutException(WebDriverWait.java:79)
	at org.openqa.selenium.support.ui.FluentWait.until(FluentWait.java:228)
	at Base.UI.WaitForElement(UI.java:105)
	at Base.UI.WaitAndClick(UI.java:91)
	at Page.LogInPage.TapXSkip(LogInPage.java:48)
	at Action.GoTo.WallView(GoTo.java:21)
	at Tests.WhenUserLoginToApplication.setUp(WhenUserLoginToApplication.java:28)
	at sun.reflect.NativeMethodAccessorImpl.invoke0(Native Method)
	at sun.reflect.NativeMethodAccessorImpl.invoke(Unknown Source)
	at sun.reflect.DelegatingMethodAccessorImpl.invoke(Unknown Source)
	at java.lang.reflect.Method.invoke(Unknown Source)
	at org.testng.internal.MethodInvocationHelper.invokeMethod(MethodInvocationHelper.java:84)
	at org.testng.internal.Invoker.invokeConfigurationMethod(Invoker.java:564)
	at org.testng.internal.Invoker.invokeConfigurations(Invoker.java:213)
	at org.testng.internal.Invoker.invokeConfigurations(Invoker.java:138)
	at org.testng.internal.TestMethodWorker.invokeBeforeClassMethods(TestMethodWorker.java:175)
	at org.testng.internal.TestMethodWorker.run(TestMethodWorker.java:107)
	at org.testng.TestRunner.privateRun(TestRunner.java:767)
	at org.testng.TestRunner.run(TestRunner.java:617)
	at org.testng.SuiteRunner.runTest(SuiteRunner.java:334)
	at org.testng.SuiteRunner.runSequentially(SuiteRunner.java:329)
	at org.testng.SuiteRunner.privateRun(SuiteRunner.java:291)
	at org.testng.SuiteRunner.run(SuiteRunner.java:240)
	at org.testng.SuiteRunnerWorker.runSuite(SuiteRunnerWorker.java:52)
	at org.testng.SuiteRunnerWorker.run(SuiteRunnerWorker.java:86)
	at org.testng.TestNG.runSuitesSequentially(TestNG.java:1224)
	at org.testng.TestNG.runSuitesLocally(TestNG.java:1149)
	at org.testng.TestNG.run(TestNG.java:1057)
	at org.testng.remote.RemoteTestNG.run(RemoteTestNG.java:111)
	at org.testng.remote.RemoteTestNG.initAndRun(RemoteTestNG.java:204)
	at org.testng.remote.RemoteTestNG.main(RemoteTestNG.java:175)
]]>
    </failure>
  </testcase> <!-- ShouldGoToYourProfileView -->
</testsuite> <!-- Tests.WhenUserLoginToApplication -->
