<?xml version="1.0" encoding="UTF-8"?>
<!-- Generated by org.testng.reporters.JUnitReportReporter -->
<testsuite hostname="rafal" name="Tests.WhenLoginPanelIsDisplayed" tests="4" failures="0" timestamp="14 Apr 2015 17:35:55 GMT" time="46.949" errors="0">
  <testcase name="ShoulDisplayLoginPanel" time="0.873" classname="Tests.WhenLoginPanelIsDisplayed"/>
  <testcase name="ShouldDisplayAllCOntrols" time="9.216" classname="Tests.WhenLoginPanelIsDisplayed"/>
  <testcase name="ShouldDisplayMessageWhenUserSendNotReginstedEmail" time="17.724" classname="Tests.WhenLoginPanelIsDisplayed"/>
  <testcase name="ShouldLogWhenUserEnterCorrectData" time="19.136" classname="Tests.WhenLoginPanelIsDisplayed"/>
</testsuite> <!-- Tests.WhenLoginPanelIsDisplayed -->
