<?xml version="1.0" encoding="UTF-8"?>
<!-- Generated by org.testng.reporters.JUnitReportReporter -->
<testsuite hostname="rafal" name="Tests.Firstest" tests="1" failures="0" timestamp="18 Nov 2014 11:21:07 GMT" time="0.030" errors="0">
  <testcase name="test" time="0.030" classname="Tests.Firstest"/>
</testsuite> <!-- Tests.Firstest -->
